[19Jan2024 19:59:35.305] [main/INFO] [cpw.mods.modlauncher.Launcher/MODLAUNCHER]: ModLauncher running: args [--launchTarget, forge_userdev_client, --version, MOD_DEV, --assetIndex, 12, --assetsDir, C:\Users\andre\.gradle\caches\forge_gradle\assets, --gameDir, .]
[19Jan2024 19:59:35.308] [main/INFO] [cpw.mods.modlauncher.Launcher/MODLAUNCHER]: JVM identified as Eclipse Adoptium OpenJDK 64-Bit Server VM 17.0.9+9
[19Jan2024 19:59:35.310] [main/INFO] [cpw.mods.modlauncher.Launcher/MODLAUNCHER]: ModLauncher 10.1.2 starting: java version 17.0.9 by Eclipse Adoptium; OS Windows 10 arch amd64 version 10.0
[19Jan2024 19:59:35.407] [main/WARN] [net.minecraftforge.fml.loading.FMLConfig/CORE]: Configuration file C:\Users\andre\Desktop\forge-1.20.4-49.0.19-mdk\run\config\fml.toml is not correct. Correcting
[19Jan2024 19:59:35.409] [main/INFO] [net.minecraftforge.fml.loading.FMLConfig/CORE]: Incorrect key [earlyWindowSkipGLVersions] was corrected from null to []
[19Jan2024 19:59:35.409] [main/INFO] [net.minecraftforge.fml.loading.FMLConfig/CORE]: Incorrect key [earlyWindowSquir] was corrected from null to false
[19Jan2024 19:59:35.421] [main/INFO] [net.minecraftforge.fml.loading.ImmediateWindowHandler/]: Loading ImmediateWindowProvider fmlearlywindow
[19Jan2024 19:59:36.212] [main/INFO] [EARLYDISPLAY/]: Trying GL version 4.6
[19Jan2024 19:59:38.314] [main/INFO] [EARLYDISPLAY/]: Requested GL version 4.6 got version 4.6
[19Jan2024 19:59:38.560] [main/INFO] [mixin/]: SpongePowered MIXIN Subsystem Version=0.8.5 Source=jar:file:///C:/Users/andre/.gradle/caches/modules-2/files-2.1/org.spongepowered/mixin/0.8.5/9d1c0c3a304ae6697ecd477218fa61b850bf57fc/mixin-0.8.5.jar!/ Service=ModLauncher Env=CLIENT
[19Jan2024 19:59:38.612] [EarlyDisplay/INFO] [EARLYDISPLAY/]: GL info: Radeon RX 580 Series GL version 4.6.0 Core Profile Context 20.4.2.230823, ATI Technologies Inc.
[19Jan2024 19:59:39.396] [main/INFO] [net.minecraftforge.fml.loading.moddiscovery.JarInJarDependencyLocator/]: No dependencies to load found. Skipping!
[19Jan2024 19:59:40.259] [main/INFO] [cpw.mods.modlauncher.LaunchServiceHandler/MODLAUNCHER]: Launching target 'forge_userdev_client' with arguments [--version, MOD_DEV, --gameDir, ., --assetsDir, C:\Users\andre\.gradle\caches\forge_gradle\assets, --assetIndex, 12]
[19Jan2024 19:59:40.885] [main/WARN] [oshi.util.FileUtil/]: Configuration conflict: there is more than one oshi.properties file on the classpath: [jar:file:///C:/Users/andre/.gradle/caches/modules-2/files-2.1/com.github.oshi/oshi-core/6.4.5/943ba26de047eb6b28fff47f5ee939a34eb5fc8e/oshi-core-6.4.5.jar!/oshi.properties, jar:file:/C:/Users/andre/.gradle/caches/modules-2/files-2.1/com.github.oshi/oshi-core/6.4.5/943ba26de047eb6b28fff47f5ee939a34eb5fc8e/oshi-core-6.4.5.jar!/oshi.properties, jar:file:///C:/Users/andre/.gradle/caches/modules-2/files-2.1/com.github.oshi/oshi-core/6.4.5/943ba26de047eb6b28fff47f5ee939a34eb5fc8e/oshi-core-6.4.5.jar!/oshi.properties, jar:file:/C:/Users/andre/.gradle/caches/modules-2/files-2.1/com.github.oshi/oshi-core/6.4.5/943ba26de047eb6b28fff47f5ee939a34eb5fc8e/oshi-core-6.4.5.jar!/oshi.properties, jar:file:///C:/Users/andre/.gradle/caches/modules-2/files-2.1/com.github.oshi/oshi-core/6.4.5/943ba26de047eb6b28fff47f5ee939a34eb5fc8e/oshi-core-6.4.5.jar!/oshi.properties, jar:file:/C:/Users/andre/.gradle/caches/modules-2/files-2.1/com.github.oshi/oshi-core/6.4.5/943ba26de047eb6b28fff47f5ee939a34eb5fc8e/oshi-core-6.4.5.jar!/oshi.properties, jar:file:///C:/Users/andre/.gradle/caches/modules-2/files-2.1/com.github.oshi/oshi-core/6.4.5/943ba26de047eb6b28fff47f5ee939a34eb5fc8e/oshi-core-6.4.5.jar!/oshi.properties, jar:file:/C:/Users/andre/.gradle/caches/modules-2/files-2.1/com.github.oshi/oshi-core/6.4.5/943ba26de047eb6b28fff47f5ee939a34eb5fc8e/oshi-core-6.4.5.jar!/oshi.properties]
[19Jan2024 19:59:41.144] [main/WARN] [oshi.util.FileUtil/]: Configuration conflict: there is more than one oshi.architecture.properties file on the classpath: [jar:file:///C:/Users/andre/.gradle/caches/modules-2/files-2.1/com.github.oshi/oshi-core/6.4.5/943ba26de047eb6b28fff47f5ee939a34eb5fc8e/oshi-core-6.4.5.jar!/oshi.architecture.properties, jar:file:/C:/Users/andre/.gradle/caches/modules-2/files-2.1/com.github.oshi/oshi-core/6.4.5/943ba26de047eb6b28fff47f5ee939a34eb5fc8e/oshi-core-6.4.5.jar!/oshi.architecture.properties, jar:file:///C:/Users/andre/.gradle/caches/modules-2/files-2.1/com.github.oshi/oshi-core/6.4.5/943ba26de047eb6b28fff47f5ee939a34eb5fc8e/oshi-core-6.4.5.jar!/oshi.architecture.properties, jar:file:/C:/Users/andre/.gradle/caches/modules-2/files-2.1/com.github.oshi/oshi-core/6.4.5/943ba26de047eb6b28fff47f5ee939a34eb5fc8e/oshi-core-6.4.5.jar!/oshi.architecture.properties, jar:file:///C:/Users/andre/.gradle/caches/modules-2/files-2.1/com.github.oshi/oshi-core/6.4.5/943ba26de047eb6b28fff47f5ee939a34eb5fc8e/oshi-core-6.4.5.jar!/oshi.architecture.properties, jar:file:/C:/Users/andre/.gradle/caches/modules-2/files-2.1/com.github.oshi/oshi-core/6.4.5/943ba26de047eb6b28fff47f5ee939a34eb5fc8e/oshi-core-6.4.5.jar!/oshi.architecture.properties, jar:file:///C:/Users/andre/.gradle/caches/modules-2/files-2.1/com.github.oshi/oshi-core/6.4.5/943ba26de047eb6b28fff47f5ee939a34eb5fc8e/oshi-core-6.4.5.jar!/oshi.architecture.properties, jar:file:/C:/Users/andre/.gradle/caches/modules-2/files-2.1/com.github.oshi/oshi-core/6.4.5/943ba26de047eb6b28fff47f5ee939a34eb5fc8e/oshi-core-6.4.5.jar!/oshi.architecture.properties]
[19Jan2024 19:59:41.231] [main/WARN] [oshi.driver.windows.perfmon.PerfmonDisabled/]: Invalid registry value type detected for PerfOS counters. Should be REG_DWORD. Ignoring: HKEY_LOCAL_MACHINE\SYSTEM\CurrentControlSet\Services\PerfOS\Performance\Disable Performance Counters.
[19Jan2024 19:59:41.995] [main/WARN] [oshi.util.FileUtil/]: Configuration conflict: there is more than one oshi.architecture.properties file on the classpath: [jar:file:///C:/Users/andre/.gradle/caches/modules-2/files-2.1/com.github.oshi/oshi-core/6.4.5/943ba26de047eb6b28fff47f5ee939a34eb5fc8e/oshi-core-6.4.5.jar!/oshi.architecture.properties, jar:file:/C:/Users/andre/.gradle/caches/modules-2/files-2.1/com.github.oshi/oshi-core/6.4.5/943ba26de047eb6b28fff47f5ee939a34eb5fc8e/oshi-core-6.4.5.jar!/oshi.architecture.properties, jar:file:///C:/Users/andre/.gradle/caches/modules-2/files-2.1/com.github.oshi/oshi-core/6.4.5/943ba26de047eb6b28fff47f5ee939a34eb5fc8e/oshi-core-6.4.5.jar!/oshi.architecture.properties, jar:file:/C:/Users/andre/.gradle/caches/modules-2/files-2.1/com.github.oshi/oshi-core/6.4.5/943ba26de047eb6b28fff47f5ee939a34eb5fc8e/oshi-core-6.4.5.jar!/oshi.architecture.properties, jar:file:///C:/Users/andre/.gradle/caches/modules-2/files-2.1/com.github.oshi/oshi-core/6.4.5/943ba26de047eb6b28fff47f5ee939a34eb5fc8e/oshi-core-6.4.5.jar!/oshi.architecture.properties, jar:file:/C:/Users/andre/.gradle/caches/modules-2/files-2.1/com.github.oshi/oshi-core/6.4.5/943ba26de047eb6b28fff47f5ee939a34eb5fc8e/oshi-core-6.4.5.jar!/oshi.architecture.properties, jar:file:///C:/Users/andre/.gradle/caches/modules-2/files-2.1/com.github.oshi/oshi-core/6.4.5/943ba26de047eb6b28fff47f5ee939a34eb5fc8e/oshi-core-6.4.5.jar!/oshi.architecture.properties, jar:file:/C:/Users/andre/.gradle/caches/modules-2/files-2.1/com.github.oshi/oshi-core/6.4.5/943ba26de047eb6b28fff47f5ee939a34eb5fc8e/oshi-core-6.4.5.jar!/oshi.architecture.properties]
[19Jan2024 19:59:42.308] [main/WARN] [net.minecraft.SystemReport/]: Failed to get system info for GL Caps
java.lang.IllegalStateException: Rendersystem called from wrong thread
	at com.mojang.blaze3d.systems.RenderSystem.constructThreadException(RenderSystem.java:185) ~[forge-1.20.4-49.0.19_mapped_parchment_2023.12.10-1.20.2.jar:?]
	at com.mojang.blaze3d.systems.RenderSystem.assertOnRenderThread(RenderSystem.java:174) ~[forge-1.20.4-49.0.19_mapped_parchment_2023.12.10-1.20.2.jar:?]
	at com.mojang.blaze3d.systems.RenderSystem.getCapsString(RenderSystem.java:874) ~[forge-1.20.4-49.0.19_mapped_parchment_2023.12.10-1.20.2.jar:?]
	at net.minecraft.SystemReport.setDetail(SystemReport.java:66) ~[forge-1.20.4-49.0.19_mapped_parchment_2023.12.10-1.20.2.jar:?]
	at net.minecraft.client.Minecraft.fillSystemReport(Minecraft.java:2515) ~[forge-1.20.4-49.0.19_mapped_parchment_2023.12.10-1.20.2.jar:?]
	at net.minecraft.client.Minecraft.fillReport(Minecraft.java:2479) ~[forge-1.20.4-49.0.19_mapped_parchment_2023.12.10-1.20.2.jar:?]
	at net.minecraft.client.main.Main.main(Main.java:162) ~[forge-1.20.4-49.0.19_mapped_parchment_2023.12.10-1.20.2.jar:?]
	at jdk.internal.reflect.NativeMethodAccessorImpl.invoke0(Native Method) ~[?:?]
	at jdk.internal.reflect.NativeMethodAccessorImpl.invoke(NativeMethodAccessorImpl.java:77) ~[?:?]
	at jdk.internal.reflect.DelegatingMethodAccessorImpl.invoke(DelegatingMethodAccessorImpl.java:43) ~[?:?]
	at java.lang.reflect.Method.invoke(Method.java:568) ~[?:?]
	at net.minecraftforge.fml.loading.targets.CommonLaunchHandler.runTarget(CommonLaunchHandler.java:91) ~[fmlloader-1.20.4-49.0.19.jar:?]
	at net.minecraftforge.fml.loading.targets.CommonLaunchHandler.lambda$makeService$0(CommonLaunchHandler.java:75) ~[fmlloader-1.20.4-49.0.19.jar:?]
	at cpw.mods.modlauncher.LaunchServiceHandler.launch(LaunchServiceHandler.java:54) ~[modlauncher-10.1.2.jar:?]
	at cpw.mods.modlauncher.LaunchServiceHandler.launch(LaunchServiceHandler.java:74) ~[modlauncher-10.1.2.jar:?]
	at cpw.mods.modlauncher.Launcher.run(Launcher.java:114) ~[modlauncher-10.1.2.jar:?]
	at cpw.mods.modlauncher.Launcher.main(Launcher.java:73) ~[modlauncher-10.1.2.jar:?]
	at cpw.mods.modlauncher.BootstrapEntry.main(BootstrapEntry.java:17) ~[modlauncher-10.1.2.jar:?]
	at net.minecraftforge.bootstrap.Bootstrap.moduleMain(Bootstrap.java:97) ~[bootstrap-2.0.0.jar!/:?]
	at jdk.internal.reflect.NativeMethodAccessorImpl.invoke0(Native Method) ~[?:?]
	at jdk.internal.reflect.NativeMethodAccessorImpl.invoke(NativeMethodAccessorImpl.java:77) ~[?:?]
	at jdk.internal.reflect.DelegatingMethodAccessorImpl.invoke(DelegatingMethodAccessorImpl.java:43) ~[?:?]
	at java.lang.reflect.Method.invoke(Method.java:568) ~[?:?]
	at net.minecraftforge.bootstrap.Bootstrap.start(Bootstrap.java:48) ~[bootstrap-2.0.0.jar!/:?]
	at net.minecraftforge.bootstrap.ForgeBootstrap.main(ForgeBootstrap.java:18) ~[bootstrap-2.0.0.jar!/:?]
